<?xml version="1.0" encoding="UTF-8"?>
<testsuite name="[users]" tests="2" skipped="0" failures="0" errors="0" timestamp="2019-03-14T02:44:50" hostname="realluna" time="0.003">
  <properties/>
  <testcase name="[1:14] get all users and then get the first user by id" classname="[users]" time="0.001"/>
  <testcase name="[2:26] create a user and then get it by id" classname="[users]" time="0.0"/>
  <system-out><![CDATA[]]></system-out>
  <system-err><![CDATA[]]></system-err>
</testsuite>
