<?xml version="1.0" encoding="UTF-8"?>
<testsuite name="examples.WireMockTest" tests="0" skipped="0" failures="0" errors="0" timestamp="1970-01-01T00:00:00" hostname="realluna" time="0.0">
  <properties/>
  <system-out><![CDATA[20:44:54.831 [Test worker] INFO  org.eclipse.jetty.util.log - Logging initialized @13395ms to org.eclipse.jetty.util.log.Slf4jLog
20:44:55.212 [Test worker] INFO  org.eclipse.jetty.server.Server - jetty-9.4.14.v20181114; built: 2018-11-14T21:20:31.478Z; git: c4550056e785fb5665914545889f21dc136ad9e6; jvm 1.8.0_191-8u191-b12-2ubuntu0.16.04.1-b12
20:44:55.284 [Test worker] INFO  o.e.j.server.handler.ContextHandler - Started o.e.j.s.ServletContextHandler@88ade5{/__admin,null,AVAILABLE}
20:44:55.290 [Test worker] INFO  o.e.j.server.handler.ContextHandler - Started o.e.j.s.ServletContextHandler@5da56b{/,null,AVAILABLE}
20:44:55.326 [Test worker] INFO  o.e.jetty.server.AbstractConnector - Started NetworkTrafficServerConnector@1d49159{HTTP/1.1,[http/1.1]}{0.0.0.0:8080}
20:44:55.328 [Test worker] INFO  org.eclipse.jetty.server.Server - Started @13892ms
20:44:56.130 [qtp13964041-27] INFO  o.e.j.s.h.ContextHandler.__admin - RequestHandlerClass from context returned com.github.tomakehurst.wiremock.http.AdminRequestHandler. Normalized mapped under returned 'null'
---------------------------------------------------------
feature: classpath:examples/users/users.feature
scenarios:  0 | passed:  0 | failed:  0 | time: 0.0000
---------------------------------------------------------
HTML report: (paste into browser to view) | Karate version: 0.9.1
file:/home/realluna/codebase/wiremock/karate-wiremock/build/surefire-reports/examples.users.users.html
---------------------------------------------------------

20:44:56.776 [Test worker] INFO  com.intuit.karate - karate.env system property was: null 
20:44:56.796 [Test worker] DEBUG com.intuit.karate - request:
1 > GET http://localhost:8080/user/get
1 > Accept-Encoding: gzip,deflate
1 > Connection: Keep-Alive
1 > Host: localhost:8080
1 > User-Agent: Apache-HttpClient/4.5.6 (Java/1.8.0_191)

20:44:56.837 [qtp13964041-21] INFO  o.e.j.s.handler.ContextHandler.ROOT - RequestHandlerClass from context returned com.github.tomakehurst.wiremock.http.StubRequestHandler. Normalized mapped under returned 'null'
20:44:56.881 [Test worker] DEBUG com.intuit.karate - response time in milliseconds: 69.97
1 < 200
1 < Content-Type: application/json
1 < Matched-Stub-Id: af8b1769-0c81-45bf-a68f-26a92f21dde7
1 < Server: Jetty(9.4.14.v20181114)
1 < Transfer-Encoding: chunked
1 < Vary: Accept-Encoding, User-Agent
{ "id": "1234", name: "John Smith" }

20:44:56.883 [Test worker] INFO  com.intuit.karate - [print] 1234
20:44:56.890 [Test worker] DEBUG com.intuit.karate - request:
2 > GET http://localhost:8080/user/get/1234
2 > Accept-Encoding: gzip,deflate
2 > Connection: Keep-Alive
2 > Host: localhost:8080
2 > User-Agent: Apache-HttpClient/4.5.6 (Java/1.8.0_191)

20:44:56.907 [Test worker] DEBUG com.intuit.karate - response time in milliseconds: 13.29
2 < 200
2 < Content-Type: application/json
2 < Matched-Stub-Id: c53c9353-5ce7-42b6-a6b1-56f8f444fa79
2 < Server: Jetty(9.4.14.v20181114)
2 < Transfer-Encoding: chunked
2 < Vary: Accept-Encoding, User-Agent
{ "id": "1234", name: "John Smith" }

20:44:56.913 [Test worker] DEBUG com.intuit.karate - request:
3 > GET http://localhost:8080/user/get/rjjmlm
3 > Accept-Encoding: gzip,deflate
3 > Connection: Keep-Alive
3 > Host: localhost:8080
3 > User-Agent: Apache-HttpClient/4.5.6 (Java/1.8.0_191)

20:44:56.919 [Test worker] DEBUG com.intuit.karate - response time in milliseconds: 4.88
3 < 401
3 < Matched-Stub-Id: b65328be-0c53-48e0-8c55-d04a3ff50dc1
3 < Server: Jetty(9.4.14.v20181114)
3 < Transfer-Encoding: chunked

20:44:56.925 [Test worker] DEBUG com.intuit.karate - request:
4 > GET http://localhost:8080/otr/get/rjjmlm
4 > Accept-Encoding: gzip,deflate
4 > Connection: Keep-Alive
4 > Host: localhost:8080
4 > User-Agent: Apache-HttpClient/4.5.6 (Java/1.8.0_191)

20:44:56.931 [Test worker] DEBUG com.intuit.karate - response time in milliseconds: 5.48
4 < 500
4 < Matched-Stub-Id: 22fe4b5a-1cad-4226-8a6e-328e501ff7f7
4 < Server: Jetty(9.4.14.v20181114)
4 < Transfer-Encoding: chunked

20:44:56.941 [Test worker] INFO  com.intuit.karate - karate.env system property was: null 
20:44:56.947 [Test worker] DEBUG com.intuit.karate - request:
1 > GET http://localhost:8080/user/get
1 > Accept-Encoding: gzip,deflate
1 > Connection: Keep-Alive
1 > Host: localhost:8080
1 > User-Agent: Apache-HttpClient/4.5.6 (Java/1.8.0_191)

20:44:56.957 [Test worker] DEBUG com.intuit.karate - response time in milliseconds: 8.91
1 < 200
1 < Content-Type: application/json
1 < Matched-Stub-Id: af8b1769-0c81-45bf-a68f-26a92f21dde7
1 < Server: Jetty(9.4.14.v20181114)
1 < Transfer-Encoding: chunked
1 < Vary: Accept-Encoding, User-Agent
{ "id": "1234", name: "John Smith" }

20:44:56.983 [Test worker] INFO  com.intuit.karate - karate.env system property was: null 
20:44:56.994 [Test worker] DEBUG com.intuit.karate - request:
1 > GET http://localhost:8080/user/get
1 > Accept-Encoding: gzip,deflate
1 > Connection: Keep-Alive
1 > Host: localhost:8080
1 > User-Agent: Apache-HttpClient/4.5.6 (Java/1.8.0_191)

20:44:57.008 [Test worker] DEBUG com.intuit.karate - response time in milliseconds: 10.07
1 < 200
1 < Content-Type: application/json
1 < Matched-Stub-Id: af8b1769-0c81-45bf-a68f-26a92f21dde7
1 < Server: Jetty(9.4.14.v20181114)
1 < Transfer-Encoding: chunked
1 < Vary: Accept-Encoding, User-Agent
{ "id": "1234", name: "John Smith" }

20:44:57.029 [Test worker] INFO  com.intuit.karate - karate.env system property was: null 
20:44:57.041 [Test worker] DEBUG com.intuit.karate - request:
1 > POST http://localhost:8080/user/create
1 > Accept-Encoding: gzip,deflate
1 > Connection: Keep-Alive
1 > Content-Length: 33
1 > Content-Type: application/json; charset=UTF-8
1 > Host: localhost:8080
1 > User-Agent: Apache-HttpClient/4.5.6 (Java/1.8.0_191)
{"id":"1234","name":"John Smith"}

20:44:57.052 [Test worker] DEBUG com.intuit.karate - response time in milliseconds: 8.65
1 < 200
1 < Content-Type: application/json
1 < Matched-Stub-Id: 58ea8b63-5649-45bd-8cb1-579e35981187
1 < Server: Jetty(9.4.14.v20181114)
1 < Transfer-Encoding: chunked
1 < Vary: Accept-Encoding, User-Agent
{ "id": "1234", name: "John Smith" }

---------------------------------------------------------
feature: classpath:examples/wiremock/wiremock.feature
scenarios:  4 | passed:  4 | failed:  0 | time: 0.2174
---------------------------------------------------------
HTML report: (paste into browser to view) | Karate version: 0.9.1
file:/home/realluna/codebase/wiremock/karate-wiremock/build/surefire-reports/examples.wiremock.wiremock.html
---------------------------------------------------------

20:44:57.106 [Test worker] INFO  o.e.jetty.server.AbstractConnector - Stopped NetworkTrafficServerConnector@1d49159{HTTP/1.1,[http/1.1]}{0.0.0.0:8080}
20:44:57.110 [Test worker] INFO  o.e.j.server.handler.ContextHandler - Stopped o.e.j.s.ServletContextHandler@5da56b{/,null,UNAVAILABLE}
20:44:57.110 [Test worker] INFO  o.e.j.server.handler.ContextHandler - Stopped o.e.j.s.ServletContextHandler@88ade5{/__admin,null,UNAVAILABLE}
20:44:57.127 [Test worker] WARN  o.e.j.util.thread.QueuedThreadPool - QueuedThreadPool[qtp13964041]@d51309{STOPPING,8<=8<=10,i=6,q=7}[org.eclipse.jetty.util.thread.TryExecutor$$Lambda$24/7001267@448d6] Couldn't stop Thread[qtp13964041-22,5,main]
20:44:57.129 [Test worker] WARN  o.e.j.util.thread.QueuedThreadPool - QueuedThreadPool[qtp13964041]@d51309{STOPPING,8<=8<=10,i=6,q=7}[org.eclipse.jetty.util.thread.TryExecutor$$Lambda$24/7001267@448d6] Couldn't stop Thread[qtp13964041-21,5,main]
20:44:57.129 [Test worker] WARN  o.e.j.util.thread.QueuedThreadPool - QueuedThreadPool[qtp13964041]@d51309{STOPPING,8<=8<=10,i=6,q=7}[org.eclipse.jetty.util.thread.TryExecutor$$Lambda$24/7001267@448d6] Couldn't stop Thread[qtp13964041-27,5,main]
20:44:57.130 [Test worker] WARN  o.e.j.util.thread.QueuedThreadPool - QueuedThreadPool[qtp13964041]@d51309{STOPPING,8<=8<=10,i=6,q=7}[org.eclipse.jetty.util.thread.TryExecutor$$Lambda$24/7001267@448d6] Couldn't stop Thread[qtp13964041-25,5,main]
20:44:57.133 [Test worker] WARN  o.e.j.util.thread.QueuedThreadPool - QueuedThreadPool[qtp13964041]@d51309{STOPPING,8<=8<=10,i=0,q=6}[org.eclipse.jetty.util.thread.TryExecutor$$Lambda$24/7001267@448d6] Couldn't stop Thread[qtp13964041-28,5,]
20:44:57.134 [Test worker] WARN  o.e.j.util.thread.QueuedThreadPool - QueuedThreadPool[qtp13964041]@d51309{STOPPING,8<=8<=10,i=0,q=6}[org.eclipse.jetty.util.thread.TryExecutor$$Lambda$24/7001267@448d6] Couldn't stop Thread[qtp13964041-23,5,]
]]></system-out>
  <system-err><![CDATA[]]></system-err>
</testsuite>
